
> serverscourse@1.0.0 dev
> npx tsc && node dist/index.js

{
  severity_local: 'NOTICE',
  severity: 'NOTICE',
  code: '42P06',
  message: 'schema "drizzle" already exists, skipping',
  file: 'schemacmds.c',
  line: '132',
  routine: 'CreateSchemaCommand'
}
{
  severity_local: 'NOTICE',
  severity: 'NOTICE',
  code: '42P07',
  message: 'relation "__drizzle_migrations" already exists, skipping',
  file: 'parse_utilcmd.c',
  line: '207',
  routine: 'transformCreateStmt'
}
Server is running at http://localhost:8080
Reset metrics...
{
  severity_local: 'NOTICE',
  severity: 'NOTICE',
  code: '00000',
  message: 'truncate cascades to table "chirps"',
  file: 'tablecmds.c',
  line: '1848',
  routine: 'ExecuteTruncateGuts'
}
Create user...
Send response...
Login user...
Send response...
Login user...
Send response...
[NON-OK] POST /api/login - Status: 401
